<?xml version="1.0" encoding="UTF-8"?>
<coverage generated="1622449344916" clover="3.2.0">
  <project timestamp="1622449344917" name="All files">
    <metrics statements="21" coveredstatements="12" conditionals="2" coveredconditionals="1" methods="8" coveredmethods="3" elements="31" coveredelements="16" complexity="0" loc="21" ncloc="21" packages="1" files="4" classes="4"/>
    <file name="images.png" path="/home/muktak/Desktop/Assignment/project01/App/components/screen1/images.png">
      <metrics statements="1" coveredstatements="1" conditionals="0" coveredconditionals="0" methods="0" coveredmethods="0"/>
      <line num="1" count="1" type="stmt"/>
    </file>
    <file name="index.js" path="/home/muktak/Desktop/Assignment/project01/App/components/screen1/index.js">
      <metrics statements="18" coveredstatements="9" conditionals="2" coveredconditionals="1" methods="8" coveredmethods="3"/>
      <line num="8" count="2" type="stmt"/>
      <line num="18" count="1" type="stmt"/>
      <line num="19" count="1" type="stmt"/>
      <line num="26" count="1" type="stmt"/>
      <line num="27" count="0" type="stmt"/>
      <line num="35" count="0" type="stmt"/>
      <line num="36" count="0" type="stmt"/>
      <line num="44" count="1" type="stmt"/>
      <line num="45" count="0" type="stmt"/>
      <line num="53" count="0" type="stmt"/>
      <line num="54" count="0" type="stmt"/>
      <line num="55" count="0" type="stmt"/>
      <line num="60" count="1" type="stmt"/>
      <line num="61" count="0" type="stmt"/>
      <line num="64" count="1" type="cond" truecount="1" falsecount="1"/>
      <line num="65" count="0" type="stmt"/>
      <line num="70" count="1" type="stmt"/>
      <line num="77" count="1" type="stmt"/>
    </file>
    <file name="profile.jpg" path="/home/muktak/Desktop/Assignment/project01/App/components/screen1/profile.jpg">
      <metrics statements="1" coveredstatements="1" conditionals="0" coveredconditionals="0" methods="0" coveredmethods="0"/>
      <line num="1" count="1" type="stmt"/>
    </file>
    <file name="styles.js" path="/home/muktak/Desktop/Assignment/project01/App/components/screen1/styles.js">
      <metrics statements="1" coveredstatements="1" conditionals="0" coveredconditionals="0" methods="0" coveredmethods="0"/>
      <line num="4" count="2" type="stmt"/>
    </file>
  </project>
</coverage>
