{"/home/muktak/Desktop/Assignment/project01/App/components/screen1/images.png": {"path":"/home/muktak/Desktop/Assignment/project01/App/components/screen1/images.png","statementMap":{"0":{"start":{"line":1,"column":0},"end":{"line":4,"column":6}}},"fnMap":{},"branchMap":{},"s":{"0":1},"f":{},"b":{},"inputSourceMap":null,"_coverageSchema":"1a1c01bbd47fc00a2c39e90264f33305004495a9","hash":"30c9272a344884fdfc372aff6f530446a1a8172b"}
,"/home/muktak/Desktop/Assignment/project01/App/components/screen1/index.js": {"path":"/home/muktak/Desktop/Assignment/project01/App/components/screen1/index.js","statementMap":{"0":{"start":{"line":8,"column":20},"end":{"line":14,"column":1}},"1":{"start":{"line":18,"column":4},"end":{"line":18,"column":16}},"2":{"start":{"line":19,"column":4},"end":{"line":24,"column":5}},"3":{"start":{"line":26,"column":14},"end":{"line":42,"column":3}},"4":{"start":{"line":27,"column":18},"end":{"line":34,"column":5}},"5":{"start":{"line":35,"column":4},"end":{"line":41,"column":7}},"6":{"start":{"line":36,"column":6},"end":{"line":40,"column":11}},"7":{"start":{"line":44,"column":21},"end":{"line":59,"column":3}},"8":{"start":{"line":45,"column":18},"end":{"line":52,"column":5}},"9":{"start":{"line":53,"column":4},"end":{"line":58,"column":7}},"10":{"start":{"line":54,"column":6},"end":{"line":54,"column":17}},"11":{"start":{"line":55,"column":6},"end":{"line":57,"column":8}},"12":{"start":{"line":60,"column":20},"end":{"line":62,"column":3}},"13":{"start":{"line":61,"column":4},"end":{"line":61,"column":30}},"14":{"start":{"line":64,"column":4},"end":{"line":74,"column":5}},"15":{"start":{"line":65,"column":6},"end":{"line":68,"column":8}},"16":{"start":{"line":70,"column":6},"end":{"line":73,"column":8}},"17":{"start":{"line":77,"column":4},"end":{"line":98,"column":6}}},"fnMap":{"0":{"name":"(anonymous_0)","decl":{"start":{"line":17,"column":2},"end":{"line":17,"column":3}},"loc":{"start":{"line":17,"column":21},"end":{"line":25,"column":3}},"line":17},"1":{"name":"(anonymous_1)","decl":{"start":{"line":26,"column":14},"end":{"line":26,"column":15}},"loc":{"start":{"line":26,"column":19},"end":{"line":42,"column":3}},"line":26},"2":{"name":"(anonymous_2)","decl":{"start":{"line":35,"column":41},"end":{"line":35,"column":42}},"loc":{"start":{"line":35,"column":55},"end":{"line":41,"column":5}},"line":35},"3":{"name":"(anonymous_3)","decl":{"start":{"line":44,"column":21},"end":{"line":44,"column":22}},"loc":{"start":{"line":44,"column":26},"end":{"line":59,"column":3}},"line":44},"4":{"name":"(anonymous_4)","decl":{"start":{"line":53,"column":41},"end":{"line":53,"column":42}},"loc":{"start":{"line":53,"column":55},"end":{"line":58,"column":5}},"line":53},"5":{"name":"(anonymous_5)","decl":{"start":{"line":60,"column":20},"end":{"line":60,"column":21}},"loc":{"start":{"line":60,"column":24},"end":{"line":62,"column":3}},"line":60},"6":{"name":"(anonymous_6)","decl":{"start":{"line":63,"column":2},"end":{"line":63,"column":3}},"loc":{"start":{"line":63,"column":18},"end":{"line":75,"column":3}},"line":63},"7":{"name":"(anonymous_7)","decl":{"start":{"line":76,"column":2},"end":{"line":76,"column":3}},"loc":{"start":{"line":76,"column":11},"end":{"line":99,"column":3}},"line":76}},"branchMap":{"0":{"loc":{"start":{"line":64,"column":4},"end":{"line":74,"column":5}},"type":"if","locations":[{"start":{"line":64,"column":4},"end":{"line":74,"column":5}},{"start":{"line":64,"column":4},"end":{"line":74,"column":5}}],"line":64}},"s":{"0":2,"1":1,"2":1,"3":1,"4":0,"5":0,"6":0,"7":1,"8":0,"9":0,"10":0,"11":0,"12":1,"13":0,"14":1,"15":0,"16":1,"17":1},"f":{"0":1,"1":0,"2":0,"3":0,"4":0,"5":0,"6":1,"7":1},"b":{"0":[0,1]},"_coverageSchema":"1a1c01bbd47fc00a2c39e90264f33305004495a9","hash":"138adb2bab9b507c194a6c332fea19331176a045"}
,"/home/muktak/Desktop/Assignment/project01/App/components/screen1/profile.jpg": {"path":"/home/muktak/Desktop/Assignment/project01/App/components/screen1/profile.jpg","statementMap":{"0":{"start":{"line":1,"column":0},"end":{"line":4,"column":6}}},"fnMap":{},"branchMap":{},"s":{"0":1},"f":{},"b":{},"inputSourceMap":null,"_coverageSchema":"1a1c01bbd47fc00a2c39e90264f33305004495a9","hash":"d38f0997f8186492373ff18f96c2815a902b74e5"}
,"/home/muktak/Desktop/Assignment/project01/App/components/screen1/styles.js": {"path":"/home/muktak/Desktop/Assignment/project01/App/components/screen1/styles.js","statementMap":{"0":{"start":{"line":4,"column":15},"end":{"line":98,"column":2}}},"fnMap":{},"branchMap":{},"s":{"0":2},"f":{},"b":{},"_coverageSchema":"1a1c01bbd47fc00a2c39e90264f33305004495a9","hash":"2b572a2953e2a076f9727297bdfbc80dab4d6cb6"}
}
