TN:
SF:App/components/screen1/images.png
FNF:0
FNH:0
DA:1,1
LF:1
LH:1
BRF:0
BRH:0
end_of_record
TN:
SF:App/components/screen1/index.js
FN:17,(anonymous_0)
FN:26,(anonymous_1)
FN:35,(anonymous_2)
FN:44,(anonymous_3)
FN:53,(anonymous_4)
FN:60,(anonymous_5)
FN:63,(anonymous_6)
FN:76,(anonymous_7)
FNF:8
FNH:3
FNDA:1,(anonymous_0)
FNDA:0,(anonymous_1)
FNDA:0,(anonymous_2)
FNDA:0,(anonymous_3)
FNDA:0,(anonymous_4)
FNDA:0,(anonymous_5)
FNDA:1,(anonymous_6)
FNDA:1,(anonymous_7)
DA:8,2
DA:18,1
DA:19,1
DA:26,1
DA:27,0
DA:35,0
DA:36,0
DA:44,1
DA:45,0
DA:53,0
DA:54,0
DA:55,0
DA:60,1
DA:61,0
DA:64,1
DA:65,0
DA:70,1
DA:77,1
LF:18
LH:9
BRDA:64,0,0,0
BRDA:64,0,1,1
BRF:2
BRH:1
end_of_record
TN:
SF:App/components/screen1/profile.jpg
FNF:0
FNH:0
DA:1,1
LF:1
LH:1
BRF:0
BRH:0
end_of_record
TN:
SF:App/components/screen1/styles.js
FNF:0
FNH:0
DA:4,2
LF:1
LH:1
BRF:0
BRH:0
end_of_record
